<?xml version="1.0" encoding="UTF-8"?>
<testsuite xmlns:xsi="http://www.w3.org/2001/XMLSchema-instance" xsi:noNamespaceSchemaLocation="https://maven.apache.org/surefire/maven-surefire-plugin/xsd/surefire-test-report-3.0.xsd" version="3.0" name="br.com.jtigik.service.ContaServiceTest" time="0.478" tests="1" errors="0" skipped="0" failures="0">
  <properties>
[...]
</properties>
  <testcase name="deveSalvarPrimeiraContaComSucesso" classname="br.com.jtigik.service.ContaServiceTest" time="0.454">
    <system-out><![CDATA[Conta [id=null, nome=Conta Válida2024-12-03T23:41:49.541459500, usuario=Usuario [id=1, nome=Usuário válido, email=user@mail.com, senha=123456]]
]]></system-out>
  </testcase>
</testsuite>