<?xml version="1.0" encoding="UTF-8"?>
<testsuite xmlns:xsi="http://www.w3.org/2001/XMLSchema-instance" xsi:noNamespaceSchemaLocation="https://maven.apache.org/surefire/maven-surefire-plugin/xsd/surefire-test-report-3.0.xsd" version="3.0" name="br.com.jtigik.service.ContaServiceTest" time="0.506" tests="4" errors="2" skipped="0" failures="1">
  <properties>
[...]
</properties>
  <testcase name="deveRejeitarContaRepetida" classname="br.com.jtigik.service.ContaServiceTest" time="0.442"/>
  <testcase name="deveSalvarPrimeiraContaComSucesso" classname="br.com.jtigik.service.ContaServiceTest" time="0.022">
    <error message="&#10;Strict stubbing argument mismatch. Please check:&#10; - this invocation of &apos;salvar&apos; method:&#10;    repository.salvar(&#10;    Conta [id=null, nome=Conta Válida2024-12-01T23:45:25.737556700, usuario=Usuario [id=1, nome=Usuário válido, email=user@mail.com, senha=123456]]&#10;);&#10;    -&gt; at br.com.jtigik.service.ContaService.salvar(ContaService.java:29)&#10; - has following stubbing(s) with different arguments:&#10;    1. repository.salvar(&#10;    Conta [id=null, nome=Conta Válida, usuario=Usuario [id=1, nome=Usuário válido, email=user@mail.com, senha=123456]]&#10;);&#10;      -&gt; at br.com.jtigik.service.ContaServiceTest.deveSalvarPrimeiraContaComSucesso(ContaServiceTest.java:35)&#10;Typically, stubbing argument mismatch indicates user mistake when writing tests.&#10;Mockito fails early so that you can debug potential problem easily.&#10;However, there are legit scenarios when this exception generates false negative signal:&#10;  - stubbing the same method multiple times using &apos;given().will()&apos; or &apos;when().then()&apos; API&#10;    Please use &apos;will().given()&apos; or &apos;doReturn().when()&apos; API for stubbing.&#10;  - stubbed method is intentionally invoked with different arguments by code under test&#10;    Please use default or &apos;silent&apos; JUnit Rule (equivalent of Strictness.LENIENT).&#10;For more information see javadoc for PotentialStubbingProblem class." type="org.mockito.exceptions.misusing.PotentialStubbingProblem"><![CDATA[org.mockito.exceptions.misusing.PotentialStubbingProblem: 

Strict stubbing argument mismatch. Please check:
 - this invocation of 'salvar' method:
    repository.salvar(
    Conta [id=null, nome=Conta Válida2024-12-01T23:45:25.737556700, usuario=Usuario [id=1, nome=Usuário válido, email=user@mail.com, senha=123456]]
);
    -> at br.com.jtigik.service.ContaService.salvar(ContaService.java:29)
 - has following stubbing(s) with different arguments:
    1. repository.salvar(
    Conta [id=null, nome=Conta Válida, usuario=Usuario [id=1, nome=Usuário válido, email=user@mail.com, senha=123456]]
);
      -> at br.com.jtigik.service.ContaServiceTest.deveSalvarPrimeiraContaComSucesso(ContaServiceTest.java:35)
Typically, stubbing argument mismatch indicates user mistake when writing tests.
Mockito fails early so that you can debug potential problem easily.
However, there are legit scenarios when this exception generates false negative signal:
  - stubbing the same method multiple times using 'given().will()' or 'when().then()' API
    Please use 'will().given()' or 'doReturn().when()' API for stubbing.
  - stubbed method is intentionally invoked with different arguments by code under test
    Please use default or 'silent' JUnit Rule (equivalent of Strictness.LENIENT).
For more information see javadoc for PotentialStubbingProblem class.
	at br.com.jtigik.service.ContaService.salvar(ContaService.java:29)
	at br.com.jtigik.service.ContaServiceTest.deveSalvarPrimeiraContaComSucesso(ContaServiceTest.java:39)
	at java.base/java.lang.reflect.Method.invoke(Method.java:580)
	at java.base/java.util.ArrayList.forEach(ArrayList.java:1597)
	at java.base/java.util.ArrayList.forEach(ArrayList.java:1597)
]]></error>
  </testcase>
  <testcase name="deveSalvarContaMesmoJaExistindoOutras" classname="br.com.jtigik.service.ContaServiceTest" time="0.005">
    <error message="&#10;Strict stubbing argument mismatch. Please check:&#10; - this invocation of &apos;salvar&apos; method:&#10;    repository.salvar(&#10;    Conta [id=null, nome=Conta Válida2024-12-01T23:45:25.753905700, usuario=Usuario [id=1, nome=Usuário válido, email=user@mail.com, senha=123456]]&#10;);&#10;    -&gt; at br.com.jtigik.service.ContaService.salvar(ContaService.java:29)&#10; - has following stubbing(s) with different arguments:&#10;    1. repository.salvar(&#10;    Conta [id=null, nome=Conta Válida, usuario=Usuario [id=1, nome=Usuário válido, email=user@mail.com, senha=123456]]&#10;);&#10;      -&gt; at br.com.jtigik.service.ContaServiceTest.deveSalvarContaMesmoJaExistindoOutras(ContaServiceTest.java:49)&#10;Typically, stubbing argument mismatch indicates user mistake when writing tests.&#10;Mockito fails early so that you can debug potential problem easily.&#10;However, there are legit scenarios when this exception generates false negative signal:&#10;  - stubbing the same method multiple times using &apos;given().will()&apos; or &apos;when().then()&apos; API&#10;    Please use &apos;will().given()&apos; or &apos;doReturn().when()&apos; API for stubbing.&#10;  - stubbed method is intentionally invoked with different arguments by code under test&#10;    Please use default or &apos;silent&apos; JUnit Rule (equivalent of Strictness.LENIENT).&#10;For more information see javadoc for PotentialStubbingProblem class." type="org.mockito.exceptions.misusing.PotentialStubbingProblem"><![CDATA[org.mockito.exceptions.misusing.PotentialStubbingProblem: 

Strict stubbing argument mismatch. Please check:
 - this invocation of 'salvar' method:
    repository.salvar(
    Conta [id=null, nome=Conta Válida2024-12-01T23:45:25.753905700, usuario=Usuario [id=1, nome=Usuário válido, email=user@mail.com, senha=123456]]
);
    -> at br.com.jtigik.service.ContaService.salvar(ContaService.java:29)
 - has following stubbing(s) with different arguments:
    1. repository.salvar(
    Conta [id=null, nome=Conta Válida, usuario=Usuario [id=1, nome=Usuário válido, email=user@mail.com, senha=123456]]
);
      -> at br.com.jtigik.service.ContaServiceTest.deveSalvarContaMesmoJaExistindoOutras(ContaServiceTest.java:49)
Typically, stubbing argument mismatch indicates user mistake when writing tests.
Mockito fails early so that you can debug potential problem easily.
However, there are legit scenarios when this exception generates false negative signal:
  - stubbing the same method multiple times using 'given().will()' or 'when().then()' API
    Please use 'will().given()' or 'doReturn().when()' API for stubbing.
  - stubbed method is intentionally invoked with different arguments by code under test
    Please use default or 'silent' JUnit Rule (equivalent of Strictness.LENIENT).
For more information see javadoc for PotentialStubbingProblem class.
	at br.com.jtigik.service.ContaService.salvar(ContaService.java:29)
	at br.com.jtigik.service.ContaServiceTest.deveSalvarContaMesmoJaExistindoOutras(ContaServiceTest.java:51)
	at java.base/java.lang.reflect.Method.invoke(Method.java:580)
	at java.base/java.util.ArrayList.forEach(ArrayList.java:1597)
	at java.base/java.util.ArrayList.forEach(ArrayList.java:1597)
]]></error>
  </testcase>
  <testcase name="naoDeveManterContaSemEvento" classname="br.com.jtigik.service.ContaServiceTest" time="0.007">
    <failure message="expected: &lt;Falha na criação da Conta, tente novamente!&gt; but was: &lt;&#10;Strict stubbing argument mismatch. Please check:&#10; - this invocation of &apos;salvar&apos; method:&#10;    repository.salvar(&#10;    Conta [id=null, nome=Conta Válida2024-12-01T23:45:25.761358600, usuario=Usuario [id=1, nome=Usuário válido, email=user@mail.com, senha=123456]]&#10;);&#10;    -&gt; at br.com.jtigik.service.ContaService.salvar(ContaService.java:29)&#10; - has following stubbing(s) with different arguments:&#10;    1. repository.salvar(&#10;    Conta [id=null, nome=Conta Válida, usuario=Usuario [id=1, nome=Usuário válido, email=user@mail.com, senha=123456]]&#10;);&#10;      -&gt; at br.com.jtigik.service.ContaServiceTest.naoDeveManterContaSemEvento(ContaServiceTest.java:72)&#10;Typically, stubbing argument mismatch indicates user mistake when writing tests.&#10;Mockito fails early so that you can debug potential problem easily.&#10;However, there are legit scenarios when this exception generates false negative signal:&#10;  - stubbing the same method multiple times using &apos;given().will()&apos; or &apos;when().then()&apos; API&#10;    Please use &apos;will().given()&apos; or &apos;doReturn().when()&apos; API for stubbing.&#10;  - stubbed method is intentionally invoked with different arguments by code under test&#10;    Please use default or &apos;silent&apos; JUnit Rule (equivalent of Strictness.LENIENT).&#10;For more information see javadoc for PotentialStubbingProblem class.&gt;" type="org.opentest4j.AssertionFailedError"><![CDATA[org.opentest4j.AssertionFailedError: 
expected: <Falha na criação da Conta, tente novamente!> but was: <
Strict stubbing argument mismatch. Please check:
 - this invocation of 'salvar' method:
    repository.salvar(
    Conta [id=null, nome=Conta Válida2024-12-01T23:45:25.761358600, usuario=Usuario [id=1, nome=Usuário válido, email=user@mail.com, senha=123456]]
);
    -> at br.com.jtigik.service.ContaService.salvar(ContaService.java:29)
 - has following stubbing(s) with different arguments:
    1. repository.salvar(
    Conta [id=null, nome=Conta Válida, usuario=Usuario [id=1, nome=Usuário válido, email=user@mail.com, senha=123456]]
);
      -> at br.com.jtigik.service.ContaServiceTest.naoDeveManterContaSemEvento(ContaServiceTest.java:72)
Typically, stubbing argument mismatch indicates user mistake when writing tests.
Mockito fails early so that you can debug potential problem easily.
However, there are legit scenarios when this exception generates false negative signal:
  - stubbing the same method multiple times using 'given().will()' or 'when().then()' API
    Please use 'will().given()' or 'doReturn().when()' API for stubbing.
  - stubbed method is intentionally invoked with different arguments by code under test
    Please use default or 'silent' JUnit Rule (equivalent of Strictness.LENIENT).
For more information see javadoc for PotentialStubbingProblem class.>
	at org.junit.jupiter.api.AssertionFailureBuilder.build(AssertionFailureBuilder.java:151)
	at org.junit.jupiter.api.AssertionFailureBuilder.buildAndThrow(AssertionFailureBuilder.java:132)
	at org.junit.jupiter.api.AssertEquals.failNotEqual(AssertEquals.java:197)
	at org.junit.jupiter.api.AssertEquals.assertEquals(AssertEquals.java:182)
	at org.junit.jupiter.api.AssertEquals.assertEquals(AssertEquals.java:177)
	at org.junit.jupiter.api.Assertions.assertEquals(Assertions.java:1145)
	at br.com.jtigik.service.ContaServiceTest.naoDeveManterContaSemEvento(ContaServiceTest.java:80)
	at java.base/java.lang.reflect.Method.invoke(Method.java:580)
	at java.base/java.util.ArrayList.forEach(ArrayList.java:1597)
	at java.base/java.util.ArrayList.forEach(ArrayList.java:1597)
]]></failure>
  </testcase>
</testsuite>